2020-09-01 20:14:32,953  INFO [main] TestBase:55 - ******************************Launching the Chrome******************************
2020-09-01 20:16:37,928  INFO [main] TestBase:55 - ******************************Launching the Chrome******************************
2020-09-01 20:28:59,298  INFO [main] TestBase:55 - ******************************Launching the Chrome******************************
2020-09-01 20:35:08,318  INFO [main] TestBase:55 - ******************************Launching the Chrome******************************
2020-09-01 20:36:08,885  INFO [main] TestBase:55 - ******************************Launching the Chrome******************************
2020-09-01 20:37:01,164  INFO [main] TestBase:55 - ******************************Launching the Chrome******************************
2020-09-01 20:39:06,902  INFO [main] TestBase:55 - ******************************Launching the Chrome******************************
2020-09-01 20:42:10,387  INFO [main] TestBase:29 - ******************************Launching the Chrome******************************
2020-09-01 20:42:53,870  INFO [main] TestBase:29 - ******************************Launching the Chrome******************************
2020-09-01 20:43:04,753  INFO [main] TestBase:34 - ***********************************Opening Browser*********************************
2020-09-01 20:43:04,774  INFO [main] TestBase:39 - Verifying the Login Page Title :>>>>>>>>>>>>>>>>>>>>>>>>>>>>>
2020-09-01 20:43:04,809  INFO [main] TestBase:54 - Entering Username And Password :>>>>>>>>>>>>>>>>>>>>>>>>>>>>>
2020-09-01 20:43:04,899  INFO [main] TestBase:60 - ***********************************Closing Browser*********************************
2020-09-01 20:43:53,500  INFO [main] TestBase:29 - ******************************Launching the Chrome******************************
2020-09-01 20:44:01,031  INFO [main] TestBase:34 - ***********************************Opening Browser*********************************
2020-09-01 20:44:01,052  INFO [main] TestBase:54 - Entering Username And Password :>>>>>>>>>>>>>>>>>>>>>>>>>>>>>
2020-09-01 20:44:01,127  INFO [main] TestBase:60 - ***********************************Closing Browser*********************************
2020-09-01 20:49:52,989  INFO [main] TestBase:29 - ******************************Launching the Chrome******************************
2020-09-01 20:50:00,536  INFO [main] TestBase:34 - ***********************************Opening Browser*********************************
2020-09-01 20:50:00,562  INFO [main] TestBase:39 - Verifying the Login Page Title :>>>>>>>>>>>>>>>>>>>>>>>>>>>>>
2020-09-01 20:50:00,597  INFO [main] TestBase:54 - Entering Username And Password :>>>>>>>>>>>>>>>>>>>>>>>>>>>>>
2020-09-01 20:50:00,669  INFO [main] TestBase:61 - ***********************************Closing Browser*********************************
2020-09-01 20:50:52,852  INFO [main] TestBase:29 - ******************************Launching the Chrome******************************
2020-09-01 20:51:00,770  INFO [main] TestBase:34 - ***********************************Opening Browser*********************************
2020-09-01 20:51:00,793  INFO [main] TestBase:54 - Entering Username And Password :>>>>>>>>>>>>>>>>>>>>>>>>>>>>>
2020-09-01 20:51:00,863  INFO [main] TestBase:61 - ***********************************Closing Browser*********************************
2020-09-01 20:53:27,843  INFO [main] TestBase:29 - ******************************Launching the Chrome******************************
2020-09-01 20:53:35,329  INFO [main] TestBase:34 - ***********************************Opening Browser*********************************
2020-09-01 20:53:35,345  INFO [main] TestBase:54 - Entering Username And Password :>>>>>>>>>>>>>>>>>>>>>>>>>>>>>
2020-09-01 20:53:35,408  INFO [main] TestBase:61 - ***********************************Closing Browser*********************************
2020-09-01 20:57:23,719  INFO [main] TestBase:29 - ******************************Launching the Chrome******************************
2020-09-01 20:57:31,066  INFO [main] TestBase:34 - ***********************************Opening Browser*********************************
2020-09-01 20:57:31,176  INFO [main] TestBase:66 - ***********************************Closing Browser*********************************
2020-09-01 20:58:54,293  INFO [main] TestBase:29 - ******************************Launching the Chrome******************************
2020-09-01 20:59:01,818  INFO [main] TestBase:34 - ***********************************Opening Browser*********************************
2020-09-01 20:59:01,959  INFO [main] TestBase:66 - ***********************************Closing Browser*********************************
2020-09-01 21:00:00,354  INFO [main] TestBase:29 - ******************************Launching the Chrome******************************
2020-09-01 21:00:07,907  INFO [main] TestBase:34 - ***********************************Opening Browser*********************************
2020-09-01 21:00:08,033  INFO [main] TestBase:66 - ***********************************Closing Browser*********************************
2020-09-01 21:01:59,681  INFO [main] TestBase:29 - ******************************Launching the Chrome******************************
2020-09-01 21:02:06,956  INFO [main] TestBase:34 - ***********************************Opening Browser*********************************
2020-09-01 21:02:07,052  INFO [main] TestBase:66 - ***********************************Closing Browser*********************************
2020-09-01 21:03:49,025  INFO [main] TestBase:29 - ******************************Launching the Chrome******************************
2020-09-01 21:04:17,602  INFO [main] TestBase:34 - ***********************************Opening Browser*********************************
2020-09-01 21:04:17,648  INFO [main] TestBase:66 - ***********************************Closing Browser*********************************
2020-09-01 21:05:06,324  INFO [main] TestBase:29 - ******************************Launching the Chrome******************************
2020-09-01 21:05:35,611  INFO [main] TestBase:34 - ***********************************Opening Browser*********************************
2020-09-01 21:05:35,655  INFO [main] TestBase:66 - ***********************************Closing Browser*********************************
2020-09-01 21:12:46,445  INFO [main] TestBase:29 - ******************************Launching the Chrome******************************
2020-09-01 21:12:58,287  INFO [main] TestBase:34 - ***********************************Opening Browser*********************************
2020-09-01 21:12:58,323  INFO [main] TestBase:66 - ***********************************Closing Browser*********************************
2020-09-01 21:13:59,186  INFO [main] TestBase:55 - ******************************Launching the Chrome******************************
2020-09-01 21:14:54,039  INFO [main] TestBase:55 - ******************************Launching the Chrome******************************
2020-09-02 12:51:02,881  INFO [main] TestBase:55 - ******************************Launching the Chrome******************************
2020-09-02 12:57:20,060  INFO [main] TestBase:55 - ******************************Launching the Chrome******************************
2020-09-02 12:58:37,152  INFO [main] TestBase:55 - ******************************Launching the Chrome******************************
2020-09-02 12:58:42,504  INFO [main] TestBase:72 - ****************************Maximize the Windows*********************************
2020-09-02 12:58:43,943  INFO [main] TestBase:75 - ****************************Delete all Cookies**************************************
2020-09-02 12:58:44,042  INFO [main] TestBase:78 - ****************************Page load timeout**************************************
2020-09-02 12:58:44,092  INFO [main] TestBase:81 - ****************************Implicit Wait********************************************
2020-09-02 12:58:44,106  INFO [main] TestBase:84 - *****************************Opening URL*******************************************
2020-09-02 12:58:53,685  INFO [main] TestBase:29 - ******************************Launching the Chrome******************************
2020-09-02 12:59:06,920  INFO [main] TestBase:34 - ***********************************Opening Browser*********************************
2020-09-02 12:59:06,938  INFO [main] TestBase:33 - Click On submit Button :>>>>>>>>>>>>>>>>>>>>>>>>>>>>>
2020-09-02 12:59:06,941  INFO [main] TestBase:66 - ***********************************Closing Browser*********************************
2020-09-02 13:01:02,843  INFO [main] TestBase:55 - ******************************Launching the Chrome******************************
2020-09-02 13:01:06,980  INFO [main] TestBase:72 - ****************************Maximize the Windows*********************************
2020-09-02 13:01:08,137  INFO [main] TestBase:75 - ****************************Delete all Cookies**************************************
2020-09-02 13:01:08,160  INFO [main] TestBase:78 - ****************************Page load timeout**************************************
2020-09-02 13:01:08,174  INFO [main] TestBase:81 - ****************************Implicit Wait********************************************
2020-09-02 13:01:08,185  INFO [main] TestBase:84 - *****************************Opening URL*******************************************
2020-09-02 13:01:12,626  INFO [main] TestBase:29 - ******************************Launching the Chrome******************************
2020-09-02 13:01:15,431  INFO [main] TestBase:34 - ***********************************Opening Browser*********************************
2020-09-02 13:01:15,516  INFO [main] TestBase:53 - ***********************************Closing Browser*********************************
2020-09-02 13:07:05,252  INFO [main] TestBase:55 - ******************************Launching the Chrome******************************
2020-09-02 13:07:10,015  INFO [main] TestBase:72 - ****************************Maximize the Windows*********************************
2020-09-02 13:07:11,184  INFO [main] TestBase:75 - ****************************Delete all Cookies**************************************
2020-09-02 13:07:11,202  INFO [main] TestBase:78 - ****************************Page load timeout**************************************
2020-09-02 13:07:11,213  INFO [main] TestBase:81 - ****************************Implicit Wait********************************************
2020-09-02 13:07:11,222  INFO [main] TestBase:84 - *****************************Opening URL*******************************************
2020-09-02 13:07:16,034  INFO [main] TestBase:29 - ******************************Launching the Chrome******************************
2020-09-02 13:07:23,116  INFO [main] TestBase:34 - ***********************************Opening Browser*********************************
2020-09-02 13:07:23,195  INFO [main] TestBase:53 - ***********************************Closing Browser*********************************
2020-09-02 13:09:59,088  INFO [main] TestBase:59 - ****************************Maximize the Windows*********************************
2020-09-02 13:11:29,561  INFO [main] TestBase:59 - ****************************Maximize the Windows*********************************
2020-09-02 13:12:50,950  INFO [main] TestBase:55 - ******************************Launching the Chrome******************************
2020-09-02 13:13:03,474  INFO [main] TestBase:72 - ****************************Maximize the Windows*********************************
2020-09-02 13:13:04,654  INFO [main] TestBase:75 - ****************************Delete all Cookies**************************************
2020-09-02 13:13:04,676  INFO [main] TestBase:78 - ****************************Page load timeout**************************************
2020-09-02 13:13:04,690  INFO [main] TestBase:81 - ****************************Implicit Wait********************************************
2020-09-02 13:13:04,700  INFO [main] TestBase:84 - *****************************Opening URL*******************************************
2020-09-02 13:13:09,000  INFO [main] TestBase:29 - ******************************Launching the Chrome******************************
2020-09-02 13:13:24,933  INFO [main] TestBase:34 - ***********************************Opening Browser*********************************
2020-09-02 13:13:25,021  INFO [main] TestBase:53 - ***********************************Closing Browser*********************************
2020-09-02 13:52:10,141  INFO [main] TestBase:55 - ******************************Launching the Chrome******************************
2020-09-02 13:52:14,159  INFO [main] TestBase:72 - ****************************Maximize the Windows*********************************
2020-09-02 13:52:15,302  INFO [main] TestBase:75 - ****************************Delete all Cookies**************************************
2020-09-02 13:52:15,324  INFO [main] TestBase:78 - ****************************Page load timeout**************************************
2020-09-02 13:52:15,335  INFO [main] TestBase:81 - ****************************Implicit Wait********************************************
2020-09-02 13:52:15,345  INFO [main] TestBase:84 - *****************************Opening URL*******************************************
2020-09-02 13:52:19,841  INFO [main] TestBase:29 - ******************************Launching the Chrome******************************
2020-09-02 13:52:22,804  INFO [main] TestBase:34 - ***********************************Opening Browser*********************************
2020-09-02 13:52:22,819  INFO [main] TestBase:36 - Entering Username And Password :>>>>>>>>>>>>>>>>>>>>>>>>>>>>>
2020-09-02 13:52:22,875  INFO [main] TestBase:53 - ***********************************Closing Browser*********************************
2020-09-02 13:53:52,225  INFO [main] TestBase:55 - ******************************Launching the Chrome******************************
2020-09-02 13:53:55,996  INFO [main] TestBase:72 - ****************************Maximize the Windows*********************************
2020-09-02 13:53:57,183  INFO [main] TestBase:75 - ****************************Delete all Cookies**************************************
2020-09-02 13:53:57,210  INFO [main] TestBase:78 - ****************************Page load timeout**************************************
2020-09-02 13:53:57,222  INFO [main] TestBase:81 - ****************************Implicit Wait********************************************
2020-09-02 13:53:57,231  INFO [main] TestBase:84 - *****************************Opening URL*******************************************
2020-09-02 13:56:05,568  INFO [main] TestBase:55 - ******************************Launching the Chrome******************************
2020-09-02 13:56:10,436  INFO [main] TestBase:72 - ****************************Maximize the Windows*********************************
2020-09-02 13:56:11,579  INFO [main] TestBase:75 - ****************************Delete all Cookies**************************************
2020-09-02 13:56:11,606  INFO [main] TestBase:78 - ****************************Page load timeout**************************************
2020-09-02 13:56:11,622  INFO [main] TestBase:81 - ****************************Implicit Wait********************************************
2020-09-02 13:56:11,633  INFO [main] TestBase:84 - *****************************Opening URL*******************************************
2020-09-02 13:56:15,544  INFO [main] TestBase:29 - ******************************Launching the Chrome******************************
2020-09-02 13:56:15,574  INFO [main] TestBase:31 - ***********************************Opening Browser*********************************
2020-09-02 13:56:15,589  INFO [main] TestBase:36 - Entering Username And Password :>>>>>>>>>>>>>>>>>>>>>>>>>>>>>
2020-09-02 13:56:18,904  INFO [main] TestBase:50 - ***********************************Closing Browser*********************************
2020-09-02 13:58:18,768  INFO [main] TestBase:55 - ******************************Launching the Chrome******************************
2020-09-02 13:58:22,603  INFO [main] TestBase:72 - ****************************Maximize the Windows*********************************
2020-09-02 13:58:22,604  INFO [main] TestBase:75 - ****************************Delete all Cookies**************************************
2020-09-02 13:58:22,640  INFO [main] TestBase:78 - ****************************Page load timeout**************************************
2020-09-02 13:58:22,655  INFO [main] TestBase:81 - ****************************Implicit Wait********************************************
2020-09-02 13:58:22,664  INFO [main] TestBase:84 - *****************************Opening URL*******************************************
2020-09-02 14:00:39,375  INFO [main] TestBase:55 - ******************************Launching the Chrome******************************
2020-09-02 14:00:43,343  INFO [main] TestBase:72 - ****************************Maximize the Windows*********************************
2020-09-02 14:00:43,343  INFO [main] TestBase:75 - ****************************Delete all Cookies**************************************
2020-09-02 14:00:43,364  INFO [main] TestBase:78 - ****************************Page load timeout**************************************
2020-09-02 14:00:43,379  INFO [main] TestBase:81 - ****************************Implicit Wait********************************************
2020-09-02 14:00:43,395  INFO [main] TestBase:84 - *****************************Opening URL*******************************************
2020-09-02 14:00:49,195  INFO [main] TestBase:29 - ******************************Launching the Chrome******************************
2020-09-02 14:00:49,222  INFO [main] TestBase:31 - ***********************************Opening Browser*********************************
2020-09-02 14:00:49,462  INFO [main] TestBase:30 - Click On submit Button :>>>>>>>>>>>>>>>>>>>>>>>>>>>>>
2020-09-02 14:00:50,248  INFO [main] TestBase:36 - Entering Username And Password :>>>>>>>>>>>>>>>>>>>>>>>>>>>>>
2020-09-02 14:00:53,129  INFO [main] TestBase:50 - ***********************************Closing Browser*********************************
2020-09-02 14:45:05,422  INFO [main] TestBase:55 - ******************************Launching the Chrome******************************
2020-09-02 14:45:11,645  INFO [main] TestBase:72 - ****************************Maximize the Windows*********************************
2020-09-02 14:45:11,646  INFO [main] TestBase:75 - ****************************Delete all Cookies**************************************
2020-09-02 14:45:11,667  INFO [main] TestBase:78 - ****************************Page load timeout**************************************
2020-09-02 14:45:11,677  INFO [main] TestBase:81 - ****************************Implicit Wait********************************************
2020-09-02 14:45:11,685  INFO [main] TestBase:84 - *****************************Opening URL*******************************************
2020-09-02 14:45:18,541  INFO [main] TestBase:29 - ******************************Launching the Chrome******************************
2020-09-02 14:45:18,568  INFO [main] TestBase:31 - ***********************************Opening Browser*********************************
2020-09-02 14:45:18,776  INFO [main] TestBase:30 - Click On submit Button :>>>>>>>>>>>>>>>>>>>>>>>>>>>>>
2020-09-02 14:45:19,569  INFO [main] TestBase:50 - ***********************************Closing Browser*********************************
2020-09-02 14:45:31,862  INFO [main] TestBase:55 - ******************************Launching the Chrome******************************
2020-09-02 14:45:37,806  INFO [main] TestBase:72 - ****************************Maximize the Windows*********************************
2020-09-02 14:45:37,807  INFO [main] TestBase:75 - ****************************Delete all Cookies**************************************
2020-09-02 14:45:37,829  INFO [main] TestBase:78 - ****************************Page load timeout**************************************
2020-09-02 14:45:37,840  INFO [main] TestBase:81 - ****************************Implicit Wait********************************************
2020-09-02 14:45:37,848  INFO [main] TestBase:84 - *****************************Opening URL*******************************************
2020-09-02 14:45:43,481  INFO [main] TestBase:29 - ******************************Launching the Chrome******************************
2020-09-02 14:45:43,518  INFO [main] TestBase:31 - ***********************************Opening Browser*********************************
2020-09-02 14:45:43,534  INFO [main] TestBase:36 - Entering Username And Password :>>>>>>>>>>>>>>>>>>>>>>>>>>>>>
2020-09-02 14:45:46,859  INFO [main] TestBase:50 - ***********************************Closing Browser*********************************
2020-09-02 14:46:40,923  INFO [main] TestBase:55 - ******************************Launching the Chrome******************************
2020-09-02 14:46:47,044  INFO [main] TestBase:72 - ****************************Maximize the Windows*********************************
2020-09-02 14:46:47,044  INFO [main] TestBase:75 - ****************************Delete all Cookies**************************************
2020-09-02 14:46:47,065  INFO [main] TestBase:78 - ****************************Page load timeout**************************************
2020-09-02 14:46:47,077  INFO [main] TestBase:81 - ****************************Implicit Wait********************************************
2020-09-02 14:46:47,086  INFO [main] TestBase:84 - *****************************Opening URL*******************************************
2020-09-02 14:46:52,362  INFO [main] TestBase:29 - ******************************Launching the Chrome******************************
2020-09-02 14:46:52,449  INFO [main] TestBase:31 - ***********************************Opening Browser*********************************
2020-09-02 14:46:52,678  INFO [main] TestBase:30 - Click On submit Button :>>>>>>>>>>>>>>>>>>>>>>>>>>>>>
2020-09-02 14:46:53,488  INFO [main] TestBase:36 - Entering Username And Password :>>>>>>>>>>>>>>>>>>>>>>>>>>>>>
2020-09-02 14:46:56,463  INFO [main] TestBase:50 - ***********************************Closing Browser*********************************
2020-09-02 20:17:23,520  INFO [main] TestBase:55 - ******************************Launching the Chrome******************************
2020-09-02 20:17:33,410  INFO [main] TestBase:72 - ****************************Maximize the Windows*********************************
2020-09-02 20:17:33,410  INFO [main] TestBase:75 - ****************************Delete all Cookies**************************************
2020-09-02 20:17:33,458  INFO [main] TestBase:78 - ****************************Page load timeout**************************************
2020-09-02 20:17:33,471  INFO [main] TestBase:81 - ****************************Implicit Wait********************************************
2020-09-02 20:17:33,482  INFO [main] TestBase:84 - *****************************Opening URL*******************************************
2020-09-02 20:31:25,754  INFO [main] TestBase:55 - ******************************Launching the Chrome******************************
2020-09-02 20:31:38,867  INFO [main] TestBase:72 - ****************************Maximize the Windows*********************************
2020-09-02 20:31:38,868  INFO [main] TestBase:75 - ****************************Delete all Cookies**************************************
2020-09-02 20:31:38,892  INFO [main] TestBase:78 - ****************************Page load timeout**************************************
2020-09-02 20:31:38,903  INFO [main] TestBase:81 - ****************************Implicit Wait********************************************
2020-09-02 20:31:38,912  INFO [main] TestBase:84 - *****************************Opening URL*******************************************
2020-09-02 20:31:41,330  INFO [main] TestBase:36 - Entering Username And Password :>>>>>>>>>>>>>>>>>>>>>>>>>>>>>
2020-09-02 20:33:01,311  INFO [main] TestBase:55 - ******************************Launching the Chrome******************************
2020-09-02 20:33:10,937  INFO [main] TestBase:72 - ****************************Maximize the Windows*********************************
2020-09-02 20:33:10,937  INFO [main] TestBase:75 - ****************************Delete all Cookies**************************************
2020-09-02 20:33:10,968  INFO [main] TestBase:78 - ****************************Page load timeout**************************************
2020-09-02 20:33:10,982  INFO [main] TestBase:81 - ****************************Implicit Wait********************************************
2020-09-02 20:33:10,992  INFO [main] TestBase:84 - *****************************Opening URL*******************************************
2020-09-02 20:33:13,609  INFO [main] TestBase:36 - Entering Username And Password :>>>>>>>>>>>>>>>>>>>>>>>>>>>>>
2020-09-02 20:35:09,493  INFO [main] TestBase:55 - ******************************Launching the Chrome******************************
2020-09-02 20:35:25,715  INFO [main] TestBase:72 - ****************************Maximize the Windows*********************************
2020-09-02 20:35:25,715  INFO [main] TestBase:75 - ****************************Delete all Cookies**************************************
2020-09-02 20:35:25,987  INFO [main] TestBase:78 - ****************************Page load timeout**************************************
2020-09-02 20:35:25,999  INFO [main] TestBase:81 - ****************************Implicit Wait********************************************
2020-09-02 20:35:26,009  INFO [main] TestBase:84 - *****************************Opening URL*******************************************
2020-09-02 20:35:28,773  INFO [main] TestBase:36 - Entering Username And Password :>>>>>>>>>>>>>>>>>>>>>>>>>>>>>
2020-09-02 20:35:30,539  INFO [main] TestBase:55 - ******************************Launching the Chrome******************************
2020-09-02 20:35:35,498  INFO [main] TestBase:72 - ****************************Maximize the Windows*********************************
2020-09-02 20:35:35,499  INFO [main] TestBase:75 - ****************************Delete all Cookies**************************************
2020-09-02 20:35:35,518  INFO [main] TestBase:78 - ****************************Page load timeout**************************************
2020-09-02 20:35:35,530  INFO [main] TestBase:81 - ****************************Implicit Wait********************************************
2020-09-02 20:35:35,536  INFO [main] TestBase:84 - *****************************Opening URL*******************************************
2020-09-02 20:35:39,181  INFO [main] TestBase:36 - Entering Username And Password :>>>>>>>>>>>>>>>>>>>>>>>>>>>>>
2020-09-02 20:42:42,431  INFO [main] TestBase:55 - ******************************Launching the Chrome******************************
2020-09-02 20:43:04,458  INFO [main] TestBase:72 - ****************************Maximize the Windows*********************************
2020-09-02 20:43:04,459  INFO [main] TestBase:75 - ****************************Delete all Cookies**************************************
2020-09-02 20:43:04,551  INFO [main] TestBase:78 - ****************************Page load timeout**************************************
2020-09-02 20:43:04,592  INFO [main] TestBase:81 - ****************************Implicit Wait********************************************
2020-09-02 20:43:04,601  INFO [main] TestBase:84 - *****************************Opening URL*******************************************
2020-09-02 20:43:09,224  INFO [main] TestBase:29 - ******************************Launching the Chrome******************************
2020-09-02 20:43:09,281  INFO [main] TestBase:31 - ***********************************Opening Browser*********************************
2020-09-02 20:43:09,587  INFO [main] TestBase:30 - Click On submit Button :>>>>>>>>>>>>>>>>>>>>>>>>>>>>>
2020-09-02 20:43:09,976  INFO [main] TestBase:36 - Entering Username And Password :>>>>>>>>>>>>>>>>>>>>>>>>>>>>>
2020-09-02 20:43:11,151  INFO [main] TestBase:51 - ***********************************Closing Browser*********************************
2020-09-02 20:52:38,150  INFO [main] TestBase:55 - ******************************Launching the Chrome******************************
2020-09-02 20:52:55,061  INFO [main] TestBase:72 - ****************************Maximize the Windows*********************************
2020-09-02 20:52:55,061  INFO [main] TestBase:75 - ****************************Delete all Cookies**************************************
2020-09-02 20:52:55,157  INFO [main] TestBase:78 - ****************************Page load timeout**************************************
2020-09-02 20:52:55,182  INFO [main] TestBase:81 - ****************************Implicit Wait********************************************
2020-09-02 20:52:55,192  INFO [main] TestBase:84 - *****************************Opening URL*******************************************
2020-09-02 20:52:56,885  INFO [main] TestBase:29 - ******************************Launching the Chrome******************************
2020-09-02 20:52:56,913  INFO [main] TestBase:31 - ***********************************Opening Browser*********************************
2020-09-02 20:52:57,348  INFO [main] TestBase:30 - Click On submit Button :>>>>>>>>>>>>>>>>>>>>>>>>>>>>>
2020-09-02 20:52:57,756  INFO [main] TestBase:36 - Entering Username And Password :>>>>>>>>>>>>>>>>>>>>>>>>>>>>>
2020-09-02 20:52:59,039  INFO [main] TestBase:52 - ***********************************Closing Browser*********************************
2020-09-02 20:54:50,870  INFO [main] TestBase:55 - ******************************Launching the Chrome******************************
2020-09-02 20:55:00,917  INFO [main] TestBase:72 - ****************************Maximize the Windows*********************************
2020-09-02 20:55:00,917  INFO [main] TestBase:75 - ****************************Delete all Cookies**************************************
2020-09-02 20:55:00,953  INFO [main] TestBase:78 - ****************************Page load timeout**************************************
2020-09-02 20:55:00,968  INFO [main] TestBase:81 - ****************************Implicit Wait********************************************
2020-09-02 20:55:00,983  INFO [main] TestBase:84 - *****************************Opening URL*******************************************
2020-09-02 20:55:49,916  INFO [main] TestBase:36 - Entering Username And Password :>>>>>>>>>>>>>>>>>>>>>>>>>>>>>
